[2026-05-28 13:40:51] [ATTACK] [ATTACKER] MITM Proxy started on port 8081
[2026-05-28 13:40:51] [ATTACK] [ATTACKER] Forwarding to real server at localhost:8080
[2026-05-28 13:40:51] [ATTACK] [ATTACKER] Attack mode: FULL_ATTACK
[2026-05-28 13:56:44] [ATTACK] [ATTACKER] Client connected to MITM proxy from 127.0.0.1
[2026-05-28 13:56:45] [ATTACK] [ATTACKER] Connected to real server for client: 127.0.0.1:61127
[2026-05-28 13:57:20] [ATTACK] [ATTACKER] ?? INTERCEPTED message from CLIENT to SERVER
[2026-05-28 13:57:20] [ATTACK] [ATTACKER]   Type: LOGIN
[2026-05-28 13:57:20] [ATTACK] [ATTACKER]   Encrypted: false
[2026-05-28 13:57:20] [ATTACK] [ATTACKER] CREDENTIALS STOLEN - Username: bob, Password: secret456
[2026-05-28 13:57:20] [ATTACK] [ATTACKER]   Forwarded to server
[2026-05-28 13:57:20] [ATTACK] [ATTACKER] ?? INTERCEPTED response from SERVER to CLIENT
[2026-05-28 13:57:20] [ATTACK] [ATTACKER]   Type: RESPONSE
[2026-05-28 13:57:20] [ATTACK] [ATTACKER]   Forwarded to client
[2026-05-28 14:13:58] [ATTACK] [ATTACKER] ?? INTERCEPTED message from CLIENT to SERVER
[2026-05-28 14:13:58] [ATTACK] [ATTACKER]   Type: LOGIN
[2026-05-28 14:13:58] [ATTACK] [ATTACKER]   Encrypted: false
[2026-05-28 14:13:58] [ATTACK] [ATTACKER] CREDENTIALS STOLEN - Username: bob, Password: secret456
[2026-05-28 14:13:58] [ATTACK] [ATTACKER]   Forwarded to server
[2026-05-28 14:13:58] [ATTACK] [ATTACKER] ?? INTERCEPTED response from SERVER to CLIENT
[2026-05-28 14:13:58] [ATTACK] [ATTACKER]   Type: RESPONSE
[2026-05-28 14:13:58] [ATTACK] [ATTACKER]   Forwarded to client
[2026-05-28 16:23:34] [ERROR] [ATTACKER] Failed to start MITM proxy: Address already in use: NET_Bind
[2026-05-28 16:23:34] [ATTACK] [ATTACKER] MITM Proxy stopped
[2026-05-28 16:58:46] [WARNING] [ATTACKER] Client-to-server interception ended: Connection reset
[2026-05-28 17:01:08] [ATTACK] [ATTACKER] MITM Proxy started on port 8081
[2026-05-28 17:01:08] [ATTACK] [ATTACKER] Forwarding to real server at localhost:8080
[2026-05-28 17:01:08] [ATTACK] [ATTACKER] Attack mode: FULL_ATTACK
[2026-05-28 17:02:22] [ATTACK] [ATTACKER] Client connected to MITM proxy from 127.0.0.1
[2026-05-28 17:02:22] [ATTACK] [ATTACKER] Connected to real server for client: 127.0.0.1:62140
[2026-05-28 17:02:38] [ATTACK] [ATTACKER] ?? INTERCEPTED message from CLIENT to SERVER
[2026-05-28 17:02:38] [ATTACK] [ATTACKER]   Type: LOGIN
[2026-05-28 17:02:38] [ATTACK] [ATTACKER]   Encrypted: false
[2026-05-28 17:02:38] [ATTACK] [ATTACKER] CREDENTIALS STOLEN - Username: alice, Password: password123
[2026-05-28 17:02:39] [ATTACK] [ATTACKER]   Forwarded to server
[2026-05-28 17:02:39] [ATTACK] [ATTACKER] ?? INTERCEPTED response from SERVER to CLIENT
[2026-05-28 17:02:39] [ATTACK] [ATTACKER]   Type: RESPONSE
[2026-05-28 17:02:39] [ATTACK] [ATTACKER]   Forwarded to client
[2026-05-28 17:07:00] [ATTACK] [ATTACKER] ?? INTERCEPTED message from CLIENT to SERVER
[2026-05-28 17:07:00] [ATTACK] [ATTACKER]   Type: DATA
[2026-05-28 17:07:00] [ATTACK] [ATTACKER]   Encrypted: false
[2026-05-28 17:07:00] [ATTACK] [ATTACKER] ?????? HEALTH DATA STOLEN! ??????
[2026-05-28 17:07:00] [ATTACK] [ATTACKER] Patient: John Doe
[2026-05-28 17:07:00] [ATTACK] [ATTACKER] Age: 30
[2026-05-28 17:07:00] [ATTACK] [ATTACKER] Blood Type: A+
[2026-05-28 17:07:00] [ATTACK] [ATTACKER] Medical Condition: BP
[2026-05-28 17:07:00] [ATTACK] [ATTACKER] Medications: Omc
[2026-05-28 17:07:00] [ATTACK] [ATTACKER] Allergies: None
[2026-05-28 17:07:00] [ATTACK] [ATTACKER] Symptoms: swelling in legs
[2026-05-28 17:07:00] [ATTACK] [ATTACKER]   Forwarded to server
[2026-05-28 17:07:00] [ATTACK] [ATTACKER] ?? INTERCEPTED response from SERVER to CLIENT
[2026-05-28 17:07:00] [ATTACK] [ATTACKER]   Type: RESPONSE
[2026-05-28 17:07:00] [ATTACK] [ATTACKER]   Forwarded to client
[2026-05-28 17:07:55] [WARNING] [ATTACKER] Client-to-server interception ended: Connection reset
[2026-05-28 17:09:25] [ATTACK] [ATTACKER] Client connected to MITM proxy from 127.0.0.1
[2026-05-28 17:09:25] [ATTACK] [ATTACKER] Connected to real server for client: 127.0.0.1:62240
[2026-05-28 17:09:42] [ATTACK] [ATTACKER] ?? INTERCEPTED message from CLIENT to SERVER
[2026-05-28 17:09:42] [ATTACK] [ATTACKER]   Type: LOGIN
[2026-05-28 17:09:42] [ATTACK] [ATTACKER]   Encrypted: true
[2026-05-28 17:09:42] [ATTACK] [ATTACKER]   ?? Login is ENCRYPTED - Cannot steal credentials!
[2026-05-28 17:09:42] [ATTACK] [ATTACKER]   Encrypted content: fmY34reEcncpMS5TaQIIonAMhvIHMnip7BIC1LvxCaw=
[2026-05-28 17:09:42] [ATTACK] [ATTACKER]   Forwarded to server
[2026-05-28 17:10:39] [ATTACK] [ATTACKER] ?? INTERCEPTED response from SERVER to CLIENT
[2026-05-28 17:10:39] [ATTACK] [ATTACKER]   Type: RESPONSE
[2026-05-28 17:10:39] [ATTACK] [ATTACKER]   Forwarded to client
[2026-05-28 17:11:03] [ATTACK] [ATTACKER] ?? INTERCEPTED message from CLIENT to SERVER
[2026-05-28 17:11:03] [ATTACK] [ATTACKER]   Type: DATA
[2026-05-28 17:11:03] [ATTACK] [ATTACKER]   Encrypted: true
[2026-05-28 17:11:03] [ATTACK] [ATTACKER]   Forwarded to server
[2026-05-28 17:11:03] [ATTACK] [ATTACKER] ?? INTERCEPTED response from SERVER to CLIENT
[2026-05-28 17:11:03] [ATTACK] [ATTACKER]   Type: RESPONSE
[2026-05-28 17:11:03] [ATTACK] [ATTACKER]   Forwarded to client
[2026-05-28 17:12:09] [WARNING] [ATTACKER] Server-to-client interception ended: Connection reset
[2026-05-28 17:12:09] [WARNING] [ATTACKER] Server-to-client interception ended: Connection reset
[2026-05-28 17:12:09] [ATTACK] [ATTACKER] Client connection closed: 127.0.0.1:62140
[2026-05-28 17:12:51] [WARNING] [ATTACKER] Client-to-server interception ended: Connection reset
[2026-05-28 17:12:51] [ATTACK] [ATTACKER] Client connection closed: 127.0.0.1:62240
[2026-05-28 17:15:04] [ATTACK] [ATTACKER] MITM Proxy started on port 8081
[2026-05-28 17:15:04] [ATTACK] [ATTACKER] Forwarding to real server at localhost:8080
[2026-05-28 17:15:04] [ATTACK] [ATTACKER] Attack mode: FULL_ATTACK
[2026-05-28 17:15:14] [ATTACK] [ATTACKER] Client connected to MITM proxy from 127.0.0.1
[2026-05-28 17:15:14] [ATTACK] [ATTACKER] Connected to real server for client: 127.0.0.1:62269
[2026-05-28 17:15:38] [ATTACK] [ATTACKER] ?? INTERCEPTED message from CLIENT to SERVER
[2026-05-28 17:15:38] [ATTACK] [ATTACKER]   Type: LOGIN
[2026-05-28 17:15:38] [ATTACK] [ATTACKER]   Encrypted: true
[2026-05-28 17:15:38] [ATTACK] [ATTACKER]   ?? Login is ENCRYPTED - Cannot steal credentials!
[2026-05-28 17:15:38] [ATTACK] [ATTACKER]   Encrypted content: fmY34reEcncpMS5TaQIIonAMhvIHMnip7BIC1LvxCaw=
[2026-05-28 17:15:38] [ATTACK] [ATTACKER]   Forwarded to server
[2026-05-28 17:15:38] [ATTACK] [ATTACKER] ?? INTERCEPTED response from SERVER to CLIENT
[2026-05-28 17:15:38] [ATTACK] [ATTACKER]   Type: RESPONSE
[2026-05-28 17:15:38] [ATTACK] [ATTACKER]   Forwarded to client
[2026-05-28 17:16:13] [ATTACK] [ATTACKER] ?? INTERCEPTED message from CLIENT to SERVER
[2026-05-28 17:16:13] [ATTACK] [ATTACKER]   Type: DATA
[2026-05-28 17:16:13] [ATTACK] [ATTACKER]   Encrypted: true
[2026-05-28 17:16:13] [ATTACK] [ATTACKER]   Forwarded to server
[2026-05-28 17:16:13] [ATTACK] [ATTACKER] ?? INTERCEPTED response from SERVER to CLIENT
[2026-05-28 17:16:13] [ATTACK] [ATTACKER]   Type: RESPONSE
[2026-05-28 17:16:13] [ATTACK] [ATTACKER]   Forwarded to client
[2026-05-28 17:16:24] [WARNING] [ATTACKER] Client-to-server interception ended: Connection reset
[2026-05-28 17:22:43] [ATTACK] [ATTACKER] MITM Proxy started on port 8081
[2026-05-28 17:22:43] [ATTACK] [ATTACKER] Forwarding to real server at localhost:8080
[2026-05-28 17:22:43] [ATTACK] [ATTACKER] Attack mode: FULL_ATTACK
[2026-05-28 17:22:49] [ATTACK] [ATTACKER] Client connected to MITM proxy from 127.0.0.1
[2026-05-28 17:22:49] [ATTACK] [ATTACKER] Connected to real server for client: 127.0.0.1:62341
[2026-05-28 17:23:07] [ATTACK] [ATTACKER] ?? INTERCEPTED message from CLIENT to SERVER
[2026-05-28 17:23:07] [ATTACK] [ATTACKER]   Type: LOGIN
[2026-05-28 17:23:07] [ATTACK] [ATTACKER]   Encrypted: true
[2026-05-28 17:23:07] [ATTACK] [ATTACKER]   ?? Login is ENCRYPTED - Cannot steal credentials!
[2026-05-28 17:23:07] [ATTACK] [ATTACKER]   Encrypted content: fmY34reEcncpMS5TaQIIonAMhvIHMnip7BIC1LvxCaw=
[2026-05-28 17:23:07] [ATTACK] [ATTACKER]   Forwarded to server
[2026-05-28 17:23:07] [ATTACK] [ATTACKER] ?? INTERCEPTED response from SERVER to CLIENT
[2026-05-28 17:23:07] [ATTACK] [ATTACKER]   Type: RESPONSE
[2026-05-28 17:23:07] [ATTACK] [ATTACKER]   Forwarded to client
[2026-05-28 17:23:30] [ATTACK] [ATTACKER] ?? INTERCEPTED message from CLIENT to SERVER
[2026-05-28 17:23:30] [ATTACK] [ATTACKER]   Type: DATA
[2026-05-28 17:23:30] [ATTACK] [ATTACKER]   Encrypted: true
[2026-05-28 17:23:30] [ATTACK] [ATTACKER]   Forwarded to server
[2026-05-28 17:23:30] [ATTACK] [ATTACKER] ?? INTERCEPTED response from SERVER to CLIENT
[2026-05-28 17:23:30] [ATTACK] [ATTACKER]   Type: RESPONSE
[2026-05-28 17:23:30] [ATTACK] [ATTACKER]   Forwarded to client
[2026-05-28 17:23:50] [WARNING] [ATTACKER] Client-to-server interception ended: Connection reset
[2026-05-28 17:24:19] [ATTACK] [ATTACKER] MITM Proxy started on port 8081
[2026-05-28 17:24:19] [ATTACK] [ATTACKER] Forwarding to real server at localhost:8080
[2026-05-28 17:24:19] [ATTACK] [ATTACKER] Attack mode: FULL_ATTACK
[2026-05-28 17:24:25] [ATTACK] [ATTACKER] Client connected to MITM proxy from 127.0.0.1
[2026-05-28 17:24:25] [ATTACK] [ATTACKER] Connected to real server for client: 127.0.0.1:62346
[2026-05-28 17:24:34] [ATTACK] [ATTACKER] ?? INTERCEPTED message from CLIENT to SERVER
[2026-05-28 17:24:34] [ATTACK] [ATTACKER]   Type: LOGIN
[2026-05-28 17:24:34] [ATTACK] [ATTACKER]   Encrypted: false
[2026-05-28 17:24:34] [ATTACK] [ATTACKER] CREDENTIALS STOLEN - Username: alice, Password: password123
[2026-05-28 17:24:34] [ATTACK] [ATTACKER]   Forwarded to server
[2026-05-28 17:24:35] [ATTACK] [ATTACKER] ?? INTERCEPTED response from SERVER to CLIENT
[2026-05-28 17:24:35] [ATTACK] [ATTACKER]   Type: RESPONSE
[2026-05-28 17:24:35] [ATTACK] [ATTACKER]   Forwarded to client
[2026-05-28 17:25:05] [ATTACK] [ATTACKER] ?? INTERCEPTED message from CLIENT to SERVER
[2026-05-28 17:25:05] [ATTACK] [ATTACKER]   Type: DATA
[2026-05-28 17:25:05] [ATTACK] [ATTACKER]   Encrypted: false
[2026-05-28 17:25:05] [ATTACK] [ATTACKER] ?????? HEALTH DATA STOLEN! ??????
[2026-05-28 17:25:05] [ATTACK] [ATTACKER] Patient: AliceA
[2026-05-28 17:25:05] [ATTACK] [ATTACKER] Age: 12
[2026-05-28 17:25:05] [ATTACK] [ATTACKER] Blood Type: A+
[2026-05-28 17:25:05] [ATTACK] [ATTACKER] Medical Condition: A
[2026-05-28 17:25:05] [ATTACK] [ATTACKER] Medications: B
[2026-05-28 17:25:05] [ATTACK] [ATTACKER] Allergies: C
[2026-05-28 17:25:05] [ATTACK] [ATTACKER] Symptoms: D
[2026-05-28 17:25:05] [ATTACK] [ATTACKER]   Forwarded to server
[2026-05-28 17:25:05] [ATTACK] [ATTACKER] ?? INTERCEPTED response from SERVER to CLIENT
[2026-05-28 17:25:05] [ATTACK] [ATTACKER]   Type: RESPONSE
[2026-05-28 17:25:05] [ATTACK] [ATTACKER]   Forwarded to client
[2026-05-28 18:06:07] [ATTACK] [ATTACKER] MITM Proxy started on port 8081
[2026-05-28 18:06:07] [ATTACK] [ATTACKER] Forwarding to real server at localhost:8080
[2026-05-28 18:06:07] [ATTACK] [ATTACKER] Attack mode: FULL_ATTACK
[2026-05-28 18:06:23] [ATTACK] [ATTACKER] Client connected to MITM proxy from 127.0.0.1
[2026-05-28 18:06:23] [ATTACK] [ATTACKER] Connected to real server for client: 127.0.0.1:62620
[2026-05-28 18:06:44] [ATTACK] [ATTACKER] ?? INTERCEPTED message from CLIENT to SERVER
[2026-05-28 18:06:44] [ATTACK] [ATTACKER]   Type: LOGIN
[2026-05-28 18:06:44] [ATTACK] [ATTACKER]   Encrypted: false
[2026-05-28 18:06:44] [ATTACK] [ATTACKER] CREDENTIALS STOLEN - Username: alice, Password: password123
[2026-05-28 18:06:44] [ATTACK] [ATTACKER]   Forwarded to server
[2026-05-28 18:06:44] [ATTACK] [ATTACKER] ?? INTERCEPTED response from SERVER to CLIENT
[2026-05-28 18:06:44] [ATTACK] [ATTACKER]   Type: RESPONSE
[2026-05-28 18:06:44] [ATTACK] [ATTACKER]   Forwarded to client
[2026-05-28 18:07:49] [ATTACK] [ATTACKER] ?? INTERCEPTED message from CLIENT to SERVER
[2026-05-28 18:07:49] [ATTACK] [ATTACKER]   Type: DATA
[2026-05-28 18:07:49] [ATTACK] [ATTACKER]   Encrypted: false
[2026-05-28 18:07:49] [ATTACK] [ATTACKER] ?????? HEALTH DATA STOLEN! ??????
[2026-05-28 18:07:49] [ATTACK] [ATTACKER] Patient: Alice
[2026-05-28 18:07:49] [ATTACK] [ATTACKER] Age: 23
[2026-05-28 18:07:49] [ATTACK] [ATTACKER] Blood Type: A+
[2026-05-28 18:07:49] [ATTACK] [ATTACKER] Medical Condition: BP
[2026-05-28 18:07:49] [ATTACK] [ATTACKER] Medications: BP
[2026-05-28 18:07:49] [ATTACK] [ATTACKER] Allergies: BP
[2026-05-28 18:07:49] [ATTACK] [ATTACKER] Symptoms: BP
[2026-05-28 18:07:49] [ATTACK] [ATTACKER]   Forwarded to server
[2026-05-28 18:07:49] [ATTACK] [ATTACKER] ?? INTERCEPTED response from SERVER to CLIENT
[2026-05-28 18:07:49] [ATTACK] [ATTACKER]   Type: RESPONSE
[2026-05-28 18:07:49] [ATTACK] [ATTACKER]   Forwarded to client
[2026-05-28 18:08:09] [WARNING] [ATTACKER] Client-to-server interception ended: Connection reset
[2026-05-28 18:08:32] [ATTACK] [ATTACKER] MITM Proxy started on port 8081
[2026-05-28 18:08:32] [ATTACK] [ATTACKER] Forwarding to real server at localhost:8080
[2026-05-28 18:08:32] [ATTACK] [ATTACKER] Attack mode: FULL_ATTACK
[2026-05-28 18:08:39] [ATTACK] [ATTACKER] Client connected to MITM proxy from 127.0.0.1
[2026-05-28 18:08:39] [ATTACK] [ATTACKER] Connected to real server for client: 127.0.0.1:62627
[2026-05-28 18:09:05] [ATTACK] [ATTACKER] ?? INTERCEPTED message from CLIENT to SERVER
[2026-05-28 18:09:05] [ATTACK] [ATTACKER]   Type: LOGIN
[2026-05-28 18:09:05] [ATTACK] [ATTACKER]   Encrypted: true
[2026-05-28 18:09:05] [ATTACK] [ATTACKER]   ?? Login is ENCRYPTED - Cannot steal credentials!
[2026-05-28 18:09:05] [ATTACK] [ATTACKER]   Encrypted content: fmY34reEcncpMS5TaQIIonAMhvIHMnip7BIC1LvxCaw=
[2026-05-28 18:09:05] [ATTACK] [ATTACKER]   Forwarded to server
[2026-05-28 18:09:05] [ATTACK] [ATTACKER] ?? INTERCEPTED response from SERVER to CLIENT
[2026-05-28 18:09:05] [ATTACK] [ATTACKER]   Type: RESPONSE
[2026-05-28 18:09:05] [ATTACK] [ATTACKER]   Forwarded to client
[2026-05-28 20:53:49] [ATTACK] [ATTACKER] MITM Proxy started on port 8081
[2026-05-28 20:53:50] [ATTACK] [ATTACKER] Forwarding to real server at localhost:8080
[2026-05-28 20:53:50] [ATTACK] [ATTACKER] Attack mode: FULL_ATTACK
[2026-05-28 20:55:46] [ATTACK] [ATTACKER] Client connected to MITM proxy from 127.0.0.1
[2026-05-28 20:55:46] [ATTACK] [ATTACKER] Connected to real server for client: 127.0.0.1:62844
[2026-05-28 20:55:50] [ATTACK] [ATTACKER] ?? INTERCEPTED message from CLIENT to SERVER
[2026-05-28 20:55:50] [ATTACK] [ATTACKER]   Type: LOGIN
[2026-05-28 20:55:50] [ATTACK] [ATTACKER]   Encrypted: false
[2026-05-28 20:55:50] [ATTACK] [ATTACKER] CREDENTIALS STOLEN - Username: alice, Password: password123
[2026-05-28 20:55:50] [ATTACK] [ATTACKER]   Forwarded to server
[2026-05-28 20:55:52] [ATTACK] [ATTACKER] ?? INTERCEPTED response from SERVER to CLIENT
[2026-05-28 20:55:52] [ATTACK] [ATTACKER]   Type: RESPONSE
[2026-05-28 20:55:52] [ATTACK] [ATTACKER]   Forwarded to client
[2026-05-28 21:03:06] [WARNING] [ATTACKER] Client-to-server interception ended: Connection reset
[2026-05-28 21:04:29] [ATTACK] [ATTACKER] MITM Proxy started on port 8081
[2026-05-28 21:04:31] [ATTACK] [ATTACKER] Forwarding to real server at localhost:8080
[2026-05-28 21:04:31] [ATTACK] [ATTACKER] Attack mode: FULL_ATTACK
[2026-05-28 21:04:53] [ATTACK] [ATTACKER] Client connected to MITM proxy from 127.0.0.1
[2026-05-28 21:04:54] [ATTACK] [ATTACKER] Connected to real server for client: 127.0.0.1:62919
[2026-05-28 21:05:43] [ATTACK] [ATTACKER] ?? INTERCEPTED message from CLIENT to SERVER
[2026-05-28 21:05:43] [ATTACK] [ATTACKER]   Type: LOGIN
[2026-05-28 21:05:43] [ATTACK] [ATTACKER]   Encrypted: false
[2026-05-28 21:05:43] [ATTACK] [ATTACKER] CREDENTIALS STOLEN - Username: alice, Password: password123
[2026-05-28 21:05:44] [ATTACK] [ATTACKER]   Forwarded to server
[2026-05-28 21:05:53] [ATTACK] [ATTACKER] ?? INTERCEPTED response from SERVER to CLIENT
[2026-05-28 21:05:53] [ATTACK] [ATTACKER]   Type: RESPONSE
[2026-05-28 21:05:53] [ATTACK] [ATTACKER]   Forwarded to client
[2026-05-29 12:04:21] [ATTACK] [ATTACKER] MITM Proxy started on port 8081
[2026-05-29 12:04:21] [ATTACK] [ATTACKER] Forwarding to real server at localhost:8080
[2026-05-29 12:04:21] [ATTACK] [ATTACKER] Attack mode: FULL_ATTACK
[2026-05-29 12:22:07] [ATTACK] [ATTACKER] MITM Proxy started on port 8081
[2026-05-29 12:22:07] [ATTACK] [ATTACKER] Forwarding to real server at localhost:8080
[2026-05-29 12:22:07] [ATTACK] [ATTACKER] Attack mode: FULL_ATTACK
[2026-05-29 12:22:19] [ATTACK] [ATTACKER] Client connected to MITM proxy from 127.0.0.1
[2026-05-29 12:22:19] [ATTACK] [ATTACKER] Connected to real server for client: 127.0.0.1:63764
[2026-05-29 12:22:35] [ATTACK] [ATTACKER] ?? INTERCEPTED message from CLIENT to SERVER
[2026-05-29 12:22:35] [ATTACK] [ATTACKER]   Type: LOGIN
[2026-05-29 12:22:35] [ATTACK] [ATTACKER]   Encrypted: true
[2026-05-29 12:22:35] [ATTACK] [ATTACKER]   ?? Login is ENCRYPTED - Cannot steal credentials!
[2026-05-29 12:22:35] [ATTACK] [ATTACKER]   Encrypted content: fmY34reEcncpMS5TaQIIonAMhvIHMnip7BIC1LvxCaw=
[2026-05-29 12:22:36] [ATTACK] [ATTACKER]   Forwarded to server
[2026-05-29 12:22:36] [ATTACK] [ATTACKER] ?? INTERCEPTED response from SERVER to CLIENT
[2026-05-29 12:22:36] [ATTACK] [ATTACKER]   Type: RESPONSE
[2026-05-29 12:22:36] [ATTACK] [ATTACKER]   Forwarded to client
[2026-05-29 12:23:56] [ATTACK] [ATTACKER] ?? INTERCEPTED message from CLIENT to SERVER
[2026-05-29 12:23:56] [ATTACK] [ATTACKER]   Type: DATA
[2026-05-29 12:23:56] [ATTACK] [ATTACKER]   Encrypted: true
[2026-05-29 12:23:56] [ATTACK] [ATTACKER]   Forwarded to server
[2026-05-29 12:23:56] [ATTACK] [ATTACKER] ?? INTERCEPTED response from SERVER to CLIENT
[2026-05-29 12:23:56] [ATTACK] [ATTACKER]   Type: RESPONSE
[2026-05-29 12:23:56] [ATTACK] [ATTACKER]   Forwarded to client
[2026-05-29 12:25:09] [WARNING] [ATTACKER] Client-to-server interception ended: Connection reset
[2026-05-29 12:25:10] [WARNING] [ATTACKER] Server-to-client interception ended: Connection reset
[2026-05-29 12:25:10] [ATTACK] [ATTACKER] Client connection closed: 127.0.0.1:63764
[2026-05-29 15:43:21] [ATTACK] [ATTACKER] MITM Proxy started on port 8081
[2026-05-29 15:43:21] [ATTACK] [ATTACKER] Forwarding to real server at localhost:8080
[2026-05-29 15:43:21] [ATTACK] [ATTACKER] Attack mode: FULL_ATTACK
[2026-05-29 15:49:12] [ATTACK] [ATTACKER] Client connected to MITM proxy from 127.0.0.1
[2026-05-29 15:49:12] [ATTACK] [ATTACKER] Connected to real server for client: 127.0.0.1:65235
[2026-05-29 15:49:43] [ATTACK] [ATTACKER] ?? INTERCEPTED message from CLIENT to SERVER
[2026-05-29 15:49:43] [ATTACK] [ATTACKER]   Type: LOGIN
[2026-05-29 15:49:43] [ATTACK] [ATTACKER]   Encrypted: false
[2026-05-29 15:49:43] [ATTACK] [ATTACKER] CREDENTIALS STOLEN - Username: alice, Password: password123
[2026-05-29 15:49:43] [ATTACK] [ATTACKER]   Forwarded to server
[2026-05-29 15:49:44] [ATTACK] [ATTACKER] ?? INTERCEPTED response from SERVER to CLIENT
[2026-05-29 15:49:44] [ATTACK] [ATTACKER]   Type: RESPONSE
[2026-05-29 15:49:44] [ATTACK] [ATTACKER]   Forwarded to client
[2026-05-29 15:51:37] [ATTACK] [ATTACKER] ?? INTERCEPTED message from CLIENT to SERVER
[2026-05-29 15:51:37] [ATTACK] [ATTACKER]   Type: DATA
[2026-05-29 15:51:37] [ATTACK] [ATTACKER]   Encrypted: false
[2026-05-29 15:51:37] [ATTACK] [ATTACKER] ?????? HEALTH DATA STOLEN! ??????
[2026-05-29 15:51:37] [ATTACK] [ATTACKER] Patient: Alice
[2026-05-29 15:51:37] [ATTACK] [ATTACKER] Age: 45
[2026-05-29 15:51:37] [ATTACK] [ATTACKER] Blood Type: B+
[2026-05-29 15:51:37] [ATTACK] [ATTACKER] Medical Condition: Diabetes type2
[2026-05-29 15:51:37] [ATTACK] [ATTACKER] Medications: Metfromin 500mg
[2026-05-29 15:51:37] [ATTACK] [ATTACKER] Allergies: Penicillin
[2026-05-29 15:51:37] [ATTACK] [ATTACKER] Symptoms: Fatigue
[2026-05-29 15:51:37] [ATTACK] [ATTACKER]   Forwarded to server
[2026-05-29 15:51:37] [ATTACK] [ATTACKER] ?? INTERCEPTED response from SERVER to CLIENT
[2026-05-29 15:51:37] [ATTACK] [ATTACKER]   Type: RESPONSE
[2026-05-29 15:51:37] [ATTACK] [ATTACKER]   Forwarded to client
[2026-05-29 15:53:39] [ATTACK] [ATTACKER] MITM Proxy started on port 8081
[2026-05-29 15:53:39] [ATTACK] [ATTACKER] Forwarding to real server at localhost:8080
[2026-05-29 15:53:39] [ATTACK] [ATTACKER] Attack mode: FULL_ATTACK
[2026-05-29 15:53:45] [ATTACK] [ATTACKER] Client connected to MITM proxy from 127.0.0.1
[2026-05-29 15:53:45] [ATTACK] [ATTACKER] Connected to real server for client: 127.0.0.1:65265
[2026-05-29 15:54:05] [ATTACK] [ATTACKER] ?? INTERCEPTED message from CLIENT to SERVER
[2026-05-29 15:54:05] [ATTACK] [ATTACKER]   Type: LOGIN
[2026-05-29 15:54:05] [ATTACK] [ATTACKER]   Encrypted: true
[2026-05-29 15:54:05] [ATTACK] [ATTACKER]   ?? Login is ENCRYPTED - Cannot steal credentials!
[2026-05-29 15:54:05] [ATTACK] [ATTACKER]   Encrypted content: fmY34reEcncpMS5TaQIIonAMhvIHMnip7BIC1LvxCaw=
[2026-05-29 15:54:05] [ATTACK] [ATTACKER]   Forwarded to server
[2026-05-29 15:54:06] [ATTACK] [ATTACKER] ?? INTERCEPTED response from SERVER to CLIENT
[2026-05-29 15:54:06] [ATTACK] [ATTACKER]   Type: RESPONSE
[2026-05-29 15:54:06] [ATTACK] [ATTACKER]   Forwarded to client
[2026-05-29 16:18:00] [ATTACK] [ATTACKER] MITM Proxy started on port 8081
[2026-05-29 16:18:00] [ATTACK] [ATTACKER] Forwarding to real server at localhost:8080
[2026-05-29 16:18:00] [ATTACK] [ATTACKER] Attack mode: FULL_ATTACK
[2026-05-29 16:18:12] [ATTACK] [ATTACKER] Client connected to MITM proxy from 127.0.0.1
[2026-05-29 16:18:12] [ATTACK] [ATTACKER] Connected to real server for client: 127.0.0.1:65433
[2026-05-29 16:18:20] [WARNING] [ATTACKER] Client-to-server interception ended: Connection reset
[2026-05-29 16:32:06] [ATTACK] [ATTACKER] MITM Proxy started on port 8081
[2026-05-29 16:32:06] [ATTACK] [ATTACKER] Forwarding to real server at localhost:8080
[2026-05-29 16:32:06] [ATTACK] [ATTACKER] Attack mode: FULL_ATTACK
[2026-05-29 16:40:51] [ATTACK] [ATTACKER] MITM Proxy started on port 8081
[2026-05-29 16:40:51] [ATTACK] [ATTACKER] Forwarding to real server at localhost:8080
[2026-05-29 16:40:51] [ATTACK] [ATTACKER] Attack mode: FULL_ATTACK
[2026-05-29 16:43:09] [ATTACK] [ATTACKER] Client connected to MITM proxy from 127.0.0.1
[2026-05-29 16:43:09] [ATTACK] [ATTACKER] Connected to real server for client: 127.0.0.1:49377
[2026-05-29 16:43:14] [ATTACK] [ATTACKER] ?? INTERCEPTED message from CLIENT to SERVER
[2026-05-29 16:43:14] [ATTACK] [ATTACKER]   Type: LOGIN
[2026-05-29 16:43:14] [ATTACK] [ATTACKER]   Encrypted: false
[2026-05-29 16:43:14] [ATTACK] [ATTACKER] CREDENTIALS STOLEN - Username: alice, Password: password123
[2026-05-29 16:43:14] [ATTACK] [ATTACKER]   Forwarded to server
[2026-05-29 16:43:15] [ATTACK] [ATTACKER] ?? INTERCEPTED response from SERVER to CLIENT
[2026-05-29 16:43:15] [ATTACK] [ATTACKER]   Type: RESPONSE
[2026-05-29 16:43:15] [ATTACK] [ATTACKER]   Forwarded to client
[2026-05-29 16:45:26] [ATTACK] [ATTACKER] ?? INTERCEPTED message from CLIENT to SERVER
[2026-05-29 16:45:26] [ATTACK] [ATTACKER]   Type: DATA
[2026-05-29 16:45:26] [ATTACK] [ATTACKER]   Encrypted: false
[2026-05-29 16:45:26] [ATTACK] [ATTACKER] ?????? HEALTH DATA STOLEN! ??????
[2026-05-29 16:45:26] [ATTACK] [ATTACKER] Patient: Alice Johnson
[2026-05-29 16:45:26] [ATTACK] [ATTACKER] Age: 45
[2026-05-29 16:45:26] [ATTACK] [ATTACKER] Blood Type: AB+
[2026-05-29 16:45:26] [ATTACK] [ATTACKER] Medical Condition: Diabetes Type 2, Hypertension
[2026-05-29 16:45:26] [ATTACK] [ATTACKER] Medications: Metformin 500mg, Lisinopril 10mg
[2026-05-29 16:45:26] [ATTACK] [ATTACKER] Allergies: Penicillin
[2026-05-29 16:45:26] [ATTACK] [ATTACKER] Symptoms: Fatigue, increased thirst
[2026-05-29 16:45:26] [ATTACK] [ATTACKER]   Forwarded to server
[2026-05-29 16:45:26] [ATTACK] [ATTACKER] ?? INTERCEPTED response from SERVER to CLIENT
[2026-05-29 16:45:26] [ATTACK] [ATTACKER]   Type: RESPONSE
[2026-05-29 16:45:26] [ATTACK] [ATTACKER]   Forwarded to client
[2026-05-29 16:48:42] [ATTACK] [ATTACKER] ?? INTERCEPTED message from CLIENT to SERVER
[2026-05-29 16:48:42] [ATTACK] [ATTACKER]   Type: DATA
[2026-05-29 16:48:42] [ATTACK] [ATTACKER]   Encrypted: false
[2026-05-29 16:48:42] [ATTACK] [ATTACKER] ?????? HEALTH DATA STOLEN! ??????
[2026-05-29 16:48:42] [ATTACK] [ATTACKER] Patient: Alice Johnson
[2026-05-29 16:48:42] [ATTACK] [ATTACKER] Age: 45
[2026-05-29 16:48:42] [ATTACK] [ATTACKER] Blood Type: AB+
[2026-05-29 16:48:42] [ATTACK] [ATTACKER] Medical Condition: Diabetes Type 2, Hypertension
[2026-05-29 16:48:42] [ATTACK] [ATTACKER] Medications: Metformin 500mg, Lisinopril 10mg
[2026-05-29 16:48:42] [ATTACK] [ATTACKER] Allergies: Penicillin
[2026-05-29 16:48:42] [ATTACK] [ATTACKER] Symptoms: Fatigue, increased thirst
[2026-05-29 16:48:42] [ATTACK] [ATTACKER]   Forwarded to server
[2026-05-29 17:02:19] [ATTACK] [ATTACKER] MITM Proxy started on port 8081
[2026-05-29 17:02:19] [ATTACK] [ATTACKER] Forwarding to real server at localhost:8080
[2026-05-29 17:02:19] [ATTACK] [ATTACKER] Attack mode: FULL_ATTACK
[2026-05-29 17:08:38] [ATTACK] [ATTACKER] MITM Proxy started on port 8081
[2026-05-29 17:08:38] [ATTACK] [ATTACKER] Forwarding to real server at localhost:8080
[2026-05-29 17:08:38] [ATTACK] [ATTACKER] Attack mode: FULL_ATTACK
[2026-05-29 17:11:05] [ATTACK] [ATTACKER] Client connected to MITM proxy from 127.0.0.1
[2026-05-29 17:11:05] [ATTACK] [ATTACKER] Connected to real server for client: 127.0.0.1:49536
[2026-05-29 17:11:19] [ATTACK] [ATTACKER] ?? INTERCEPTED message from CLIENT to SERVER
[2026-05-29 17:11:19] [ATTACK] [ATTACKER]   Type: LOGIN
[2026-05-29 17:11:19] [ATTACK] [ATTACKER]   Encrypted: false
[2026-05-29 17:11:19] [ATTACK] [ATTACKER] CREDENTIALS STOLEN - Username: alice, Password: password123
[2026-05-29 17:11:19] [ATTACK] [ATTACKER]   Forwarded to server
[2026-05-29 17:11:19] [ATTACK] [ATTACKER] ?? INTERCEPTED response from SERVER to CLIENT
[2026-05-29 17:11:19] [ATTACK] [ATTACKER]   Type: RESPONSE
[2026-05-29 17:11:19] [ATTACK] [ATTACKER]   Forwarded to client
[2026-05-29 17:12:31] [ATTACK] [ATTACKER] ?? INTERCEPTED message from CLIENT to SERVER
[2026-05-29 17:12:31] [ATTACK] [ATTACKER]   Type: DATA
[2026-05-29 17:12:31] [ATTACK] [ATTACKER]   Encrypted: false
[2026-05-29 17:12:31] [ATTACK] [ATTACKER] ?????? HEALTH DATA STOLEN! ??????
[2026-05-29 17:12:31] [ATTACK] [ATTACKER] Patient: Alice
[2026-05-29 17:12:31] [ATTACK] [ATTACKER] Age: 45
[2026-05-29 17:12:31] [ATTACK] [ATTACKER] Blood Type: B+
[2026-05-29 17:12:31] [ATTACK] [ATTACKER] Medical Condition: Diabetes Type 2, Hypertension
[2026-05-29 17:12:31] [ATTACK] [ATTACKER] Medications: Metformin
[2026-05-29 17:12:31] [ATTACK] [ATTACKER] Allergies: Penicillin
[2026-05-29 17:12:31] [ATTACK] [ATTACKER] Symptoms: Fatigue
[2026-05-29 17:12:31] [ATTACK] [ATTACKER]   Forwarded to server
[2026-05-29 17:12:31] [ATTACK] [ATTACKER] ?? INTERCEPTED response from SERVER to CLIENT
[2026-05-29 17:12:31] [ATTACK] [ATTACKER]   Type: RESPONSE
[2026-05-29 17:12:31] [ATTACK] [ATTACKER]   Forwarded to client
[2026-05-29 17:13:56] [ATTACK] [ATTACKER] MITM Proxy started on port 8081
[2026-05-29 17:13:56] [ATTACK] [ATTACKER] Forwarding to real server at localhost:8080
[2026-05-29 17:13:56] [ATTACK] [ATTACKER] Attack mode: FULL_ATTACK
[2026-05-29 17:14:14] [ATTACK] [ATTACKER] Client connected to MITM proxy from 127.0.0.1
[2026-05-29 17:14:15] [ATTACK] [ATTACKER] Connected to real server for client: 127.0.0.1:49547
[2026-05-29 17:14:31] [ATTACK] [ATTACKER] ?? INTERCEPTED message from CLIENT to SERVER
[2026-05-29 17:14:31] [ATTACK] [ATTACKER]   Type: LOGIN
[2026-05-29 17:14:31] [ATTACK] [ATTACKER]   Encrypted: true
[2026-05-29 17:14:31] [ATTACK] [ATTACKER]   ?? Login is ENCRYPTED - Cannot steal credentials!
[2026-05-29 17:14:31] [ATTACK] [ATTACKER]   Encrypted content: fmY34reEcncpMS5TaQIIonAMhvIHMnip7BIC1LvxCaw=
[2026-05-29 17:14:32] [ATTACK] [ATTACKER]   Forwarded to server
[2026-05-29 17:14:32] [ATTACK] [ATTACKER] ?? INTERCEPTED response from SERVER to CLIENT
[2026-05-29 17:14:32] [ATTACK] [ATTACKER]   Type: RESPONSE
[2026-05-29 17:14:32] [ATTACK] [ATTACKER]   Forwarded to client
[2026-05-29 17:15:32] [ATTACK] [ATTACKER] ?? INTERCEPTED message from CLIENT to SERVER
[2026-05-29 17:15:32] [ATTACK] [ATTACKER]   Type: DATA
[2026-05-29 17:15:32] [ATTACK] [ATTACKER]   Encrypted: true
[2026-05-29 17:15:32] [ATTACK] [ATTACKER]   Forwarded to server
[2026-05-29 17:15:32] [ATTACK] [ATTACKER] ?? INTERCEPTED response from SERVER to CLIENT
[2026-05-29 17:15:32] [ATTACK] [ATTACKER]   Type: RESPONSE
[2026-05-29 17:15:32] [ATTACK] [ATTACKER]   Forwarded to client
[2026-05-29 20:26:23] [WARNING] [ATTACKER] Client-to-server interception ended: Connection reset
[2026-05-29 21:48:38] [ATTACK] [ATTACKER] MITM Proxy started on port 8081
[2026-05-29 21:48:38] [ATTACK] [ATTACKER] Forwarding to real server at localhost:8080
[2026-05-29 21:48:38] [ATTACK] [ATTACKER] Attack mode: FULL_ATTACK
[2026-05-29 21:48:45] [ATTACK] [ATTACKER] Client connected to MITM proxy from 127.0.0.1
[2026-05-29 21:48:45] [ATTACK] [ATTACKER] Connected to real server for client: 127.0.0.1:50456
[2026-05-29 21:48:56] [ATTACK] [ATTACKER] ?? INTERCEPTED message from CLIENT to SERVER
[2026-05-29 21:48:56] [ATTACK] [ATTACKER]   Type: LOGIN
[2026-05-29 21:48:56] [ATTACK] [ATTACKER]   Encrypted: false
[2026-05-29 21:48:56] [ATTACK] [ATTACKER] CREDENTIALS STOLEN - Username: a, Password: 123
[2026-05-29 21:48:56] [ATTACK] [ATTACKER]   Forwarded to server
[2026-05-29 21:48:56] [ATTACK] [ATTACKER] ?? INTERCEPTED response from SERVER to CLIENT
[2026-05-29 21:48:56] [ATTACK] [ATTACKER]   Type: ERROR
[2026-05-29 21:48:56] [ATTACK] [ATTACKER]   Forwarded to client
[2026-05-29 21:49:11] [ATTACK] [ATTACKER] ?? INTERCEPTED message from CLIENT to SERVER
[2026-05-29 21:49:11] [ATTACK] [ATTACKER]   Type: LOGIN
[2026-05-29 21:49:11] [ATTACK] [ATTACKER]   Encrypted: false
[2026-05-29 21:49:11] [ATTACK] [ATTACKER] CREDENTIALS STOLEN - Username: alice, Password: password123
[2026-05-29 21:49:11] [ATTACK] [ATTACKER]   Forwarded to server
[2026-05-29 21:49:11] [ATTACK] [ATTACKER] ?? INTERCEPTED response from SERVER to CLIENT
[2026-05-29 21:49:11] [ATTACK] [ATTACKER]   Type: RESPONSE
[2026-05-29 21:49:11] [ATTACK] [ATTACKER]   Forwarded to client
[2026-05-29 21:49:32] [ATTACK] [ATTACKER] ?? INTERCEPTED message from CLIENT to SERVER
[2026-05-29 21:49:32] [ATTACK] [ATTACKER]   Type: DATA
[2026-05-29 21:49:32] [ATTACK] [ATTACKER]   Encrypted: false
[2026-05-29 21:49:32] [ATTACK] [ATTACKER] ?????? HEALTH DATA STOLEN! ??????
[2026-05-29 21:49:32] [ATTACK] [ATTACKER] Patient: Alice
[2026-05-29 21:49:32] [ATTACK] [ATTACKER] Age: 23
[2026-05-29 21:49:32] [ATTACK] [ATTACKER] Blood Type: A+
[2026-05-29 21:49:32] [ATTACK] [ATTACKER] Medical Condition: 
[2026-05-29 21:49:32] [ATTACK] [ATTACKER] Medications: 
[2026-05-29 21:49:32] [ATTACK] [ATTACKER] Allergies: 
[2026-05-29 21:49:32] [ATTACK] [ATTACKER] Symptoms: 
[2026-05-29 21:49:32] [ATTACK] [ATTACKER]   Forwarded to server
[2026-05-29 21:49:33] [ATTACK] [ATTACKER] ?? INTERCEPTED response from SERVER to CLIENT
[2026-05-29 21:49:33] [ATTACK] [ATTACKER]   Type: RESPONSE
[2026-05-29 21:49:33] [ATTACK] [ATTACKER]   Forwarded to client
[2026-05-29 21:50:03] [WARNING] [ATTACKER] Client-to-server interception ended: Connection reset
[2026-05-29 21:52:11] [ATTACK] [ATTACKER] MITM Proxy started on port 8081
[2026-05-29 21:52:11] [ATTACK] [ATTACKER] Forwarding to real server at localhost:8080
[2026-05-29 21:52:11] [ATTACK] [ATTACKER] Attack mode: FULL_ATTACK
[2026-05-29 21:52:17] [ATTACK] [ATTACKER] Client connected to MITM proxy from 127.0.0.1
[2026-05-29 21:52:17] [ATTACK] [ATTACKER] Connected to real server for client: 127.0.0.1:50473
[2026-05-29 21:52:42] [ATTACK] [ATTACKER] ?? INTERCEPTED message from CLIENT to SERVER
[2026-05-29 21:52:42] [ATTACK] [ATTACKER]   Type: LOGIN
[2026-05-29 21:52:42] [ATTACK] [ATTACKER]   Encrypted: false
[2026-05-29 21:52:42] [ATTACK] [ATTACKER] CREDENTIALS STOLEN - Username: alice, Password: password123
[2026-05-29 21:52:42] [ATTACK] [ATTACKER]   Forwarded to server
[2026-05-29 21:52:43] [ATTACK] [ATTACKER] ?? INTERCEPTED response from SERVER to CLIENT
[2026-05-29 21:52:43] [ATTACK] [ATTACKER]   Type: RESPONSE
[2026-05-29 21:52:43] [ATTACK] [ATTACKER]   Forwarded to client
[2026-05-29 21:53:01] [ATTACK] [ATTACKER] ?? INTERCEPTED message from CLIENT to SERVER
[2026-05-29 21:53:01] [ATTACK] [ATTACKER]   Type: DATA
[2026-05-29 21:53:01] [ATTACK] [ATTACKER]   Encrypted: false
[2026-05-29 21:53:01] [ATTACK] [ATTACKER] ?????? HEALTH DATA STOLEN! ??????
[2026-05-29 21:53:01] [ATTACK] [ATTACKER] Patient: A
[2026-05-29 21:53:01] [ATTACK] [ATTACKER] Age: 23
[2026-05-29 21:53:01] [ATTACK] [ATTACKER] Blood Type: A+
[2026-05-29 21:53:01] [ATTACK] [ATTACKER] Medical Condition: 
[2026-05-29 21:53:01] [ATTACK] [ATTACKER] Medications: 
[2026-05-29 21:53:01] [ATTACK] [ATTACKER] Allergies: 
[2026-05-29 21:53:01] [ATTACK] [ATTACKER] Symptoms: 
[2026-05-29 21:53:01] [ATTACK] [ATTACKER]   Forwarded to server
[2026-05-29 21:53:01] [ATTACK] [ATTACKER] ?? INTERCEPTED response from SERVER to CLIENT
[2026-05-29 21:53:01] [ATTACK] [ATTACKER]   Type: RESPONSE
[2026-05-29 21:53:01] [ATTACK] [ATTACKER]   Forwarded to client
[2026-05-29 21:53:17] [WARNING] [ATTACKER] Client-to-server interception ended: Connection reset
[2026-05-30 10:08:13] [ATTACK] [ATTACKER] MITM Proxy started on port 8081
[2026-05-30 10:08:13] [ATTACK] [ATTACKER] Forwarding to real server at localhost:8080
[2026-05-30 10:08:13] [ATTACK] [ATTACKER] Attack mode: FULL_ATTACK
[2026-05-30 10:08:19] [ATTACK] [ATTACKER] Client connected to MITM proxy from 127.0.0.1
[2026-05-30 10:08:20] [ATTACK] [ATTACKER] Connected to real server for client: 127.0.0.1:51908
[2026-05-30 10:08:33] [ATTACK] [ATTACKER] ?? INTERCEPTED message from CLIENT to SERVER
[2026-05-30 10:08:33] [ATTACK] [ATTACKER]   Type: LOGIN
[2026-05-30 10:08:33] [ATTACK] [ATTACKER]   Encrypted: false
[2026-05-30 10:08:33] [ATTACK] [ATTACKER] CREDENTIALS STOLEN - Username: alice, Password: password123
[2026-05-30 10:08:33] [ATTACK] [ATTACKER]   Forwarded to server
[2026-05-30 10:08:33] [ATTACK] [ATTACKER] ?? INTERCEPTED response from SERVER to CLIENT
[2026-05-30 10:08:33] [ATTACK] [ATTACKER]   Type: RESPONSE
[2026-05-30 10:08:33] [ATTACK] [ATTACKER]   Forwarded to client
[2026-05-30 10:08:59] [ATTACK] [ATTACKER] ?? INTERCEPTED message from CLIENT to SERVER
[2026-05-30 10:08:59] [ATTACK] [ATTACKER]   Type: DATA
[2026-05-30 10:08:59] [ATTACK] [ATTACKER]   Encrypted: false
[2026-05-30 10:08:59] [ATTACK] [ATTACKER] ?????? HEALTH DATA STOLEN! ??????
[2026-05-30 10:08:59] [ATTACK] [ATTACKER] Patient: A
[2026-05-30 10:08:59] [ATTACK] [ATTACKER] Age: 23
[2026-05-30 10:08:59] [ATTACK] [ATTACKER] Blood Type: A+
[2026-05-30 10:08:59] [ATTACK] [ATTACKER] Medical Condition: A
[2026-05-30 10:08:59] [ATTACK] [ATTACKER] Medications: A
[2026-05-30 10:08:59] [ATTACK] [ATTACKER] Allergies: A
[2026-05-30 10:08:59] [ATTACK] [ATTACKER] Symptoms: A
[2026-05-30 10:08:59] [ATTACK] [ATTACKER]   Forwarded to server
[2026-05-30 10:08:59] [ATTACK] [ATTACKER] ?? INTERCEPTED response from SERVER to CLIENT
[2026-05-30 10:08:59] [ATTACK] [ATTACKER]   Type: RESPONSE
[2026-05-30 10:08:59] [ATTACK] [ATTACKER]   Forwarded to client
[2026-05-30 10:09:06] [WARNING] [ATTACKER] Client-to-server interception ended: Connection reset
[2026-05-30 11:40:24] [ATTACK] [ATTACKER] MITM Proxy started on port 8081
[2026-05-30 11:40:24] [ATTACK] [ATTACKER] Forwarding to real server at localhost:8080
[2026-05-30 11:40:24] [ATTACK] [ATTACKER] Attack mode: FULL_ATTACK
